[2026-07-01 12:55:55 INF] 应用程序启动成功
[2026-07-01 12:55:55 INF] Now listening on: http://localhost:5178
[2026-07-01 12:55:55 INF] Application started. Press Ctrl+C to shut down.
[2026-07-01 12:55:55 INF] Hosting environment: Development
[2026-07-01 12:55:55 INF] Content root path: E:\Demo\source\repos\RentalBillingSystem\src\RBS.Api
[2026-07-01 12:58:08 INF] 应用程序启动成功
[2026-07-01 12:58:09 INF] Now listening on: http://localhost:5178
[2026-07-01 12:58:09 INF] Application started. Press Ctrl+C to shut down.
[2026-07-01 12:58:09 INF] Hosting environment: Development
[2026-07-01 12:58:09 INF] Content root path: E:\Demo\source\repos\RentalBillingSystem\src\RBS.Api
[2026-07-01 12:59:11 ERR] HTTP GET /api/companies 产生未处理异常
System.NotSupportedException: Dapper 不支持 LINQ 表达式分页
   at RBS.Infrastructure.Data.Repositories.DapperCompanyRepository.GetPagedAsync(Int32 page, Int32 pageSize, Expression`1 predicate, Func`2 orderBy, CancellationToken ct) in E:\Demo\source\repos\RentalBillingSystem\src\RBS.Infrastructure\Data\Repositories\DapperRepositories.cs:line 157
   at RBS.Application.Services.Organization.CompanyService.GetPagedAsync(CompanyQuery query, CancellationToken ct) in E:\Demo\source\repos\RentalBillingSystem\src\RBS.Application\Services\Organization\CompanyService.cs:line 24
   at RBS.Api.Controllers.CompaniesController.GetAll(Int32 page, Int32 pageSize, String name, Nullable`1 isActive, CancellationToken ct) in E:\Demo\source\repos\RentalBillingSystem\src\RBS.Api\Controllers\CompaniesController.cs:line 33
   at Microsoft.AspNetCore.Mvc.Infrastructure.ActionMethodExecutor.TaskOfIActionResultExecutor.Execute(ActionContext actionContext, IActionResultTypeMapper mapper, ObjectMethodExecutor executor, Object controller, Object[] arguments)
   at Microsoft.AspNetCore.Mvc.Infrastructure.ControllerActionInvoker.<InvokeActionMethodAsync>g__Awaited|12_0(ControllerActionInvoker invoker, ValueTask`1 actionResultValueTask)
   at Microsoft.AspNetCore.Mvc.Infrastructure.ControllerActionInvoker.<InvokeNextActionFilterAsync>g__Awaited|10_0(ControllerActionInvoker invoker, Task lastTask, State next, Scope scope, Object state, Boolean isCompleted)
   at Microsoft.AspNetCore.Mvc.Infrastructure.ControllerActionInvoker.Rethrow(ActionExecutedContextSealed context)
   at Microsoft.AspNetCore.Mvc.Infrastructure.ControllerActionInvoker.Next(State& next, Scope& scope, Object& state, Boolean& isCompleted)
   at Microsoft.AspNetCore.Mvc.Infrastructure.ControllerActionInvoker.InvokeInnerFilterAsync()
--- End of stack trace from previous location ---
   at Microsoft.AspNetCore.Mvc.Infrastructure.ResourceInvoker.<InvokeFilterPipelineAsync>g__Awaited|20_0(ResourceInvoker invoker, Task lastTask, State next, Scope scope, Object state, Boolean isCompleted)
   at Microsoft.AspNetCore.Mvc.Infrastructure.ResourceInvoker.<InvokeAsync>g__Awaited|17_0(ResourceInvoker invoker, Task task, IDisposable scope)
   at Microsoft.AspNetCore.Mvc.Infrastructure.ResourceInvoker.<InvokeAsync>g__Awaited|17_0(ResourceInvoker invoker, Task task, IDisposable scope)
   at RBS.Api.Middleware.ApiLoggingMiddleware.InvokeAsync(HttpContext context) in E:\Demo\source\repos\RentalBillingSystem\src\RBS.Api\Middleware\ApiLoggingMiddleware.cs:line 51
   at RBS.Api.Middleware.ApiLoggingMiddleware.InvokeAsync(HttpContext context) in E:\Demo\source\repos\RentalBillingSystem\src\RBS.Api\Middleware\ApiLoggingMiddleware.cs:line 92
   at Microsoft.AspNetCore.Authorization.AuthorizationMiddleware.Invoke(HttpContext context)
   at Microsoft.AspNetCore.Authentication.AuthenticationMiddleware.Invoke(HttpContext context)
   at Swashbuckle.AspNetCore.SwaggerUI.SwaggerUIMiddleware.Invoke(HttpContext httpContext)
   at Swashbuckle.AspNetCore.Swagger.SwaggerMiddleware.Invoke(HttpContext httpContext, ISwaggerProvider swaggerProvider)
   at RBS.Api.Middleware.ExceptionLoggingMiddleware.InvokeAsync(HttpContext context) in E:\Demo\source\repos\RentalBillingSystem\src\RBS.Api\Middleware\ExceptionLoggingMiddleware.cs:line 26
[2026-07-01 13:05:49 INF] 应用程序启动成功
[2026-07-01 13:05:49 INF] Now listening on: http://localhost:5178
[2026-07-01 13:05:49 INF] Application started. Press Ctrl+C to shut down.
[2026-07-01 13:05:49 INF] Hosting environment: Development
[2026-07-01 13:05:49 INF] Content root path: E:\Demo\source\repos\RentalBillingSystem\src\RBS.Api
[2026-07-01 13:07:17 INF] 应用程序启动成功
[2026-07-01 13:07:18 INF] Now listening on: http://localhost:5178
[2026-07-01 13:07:18 INF] Application started. Press Ctrl+C to shut down.
[2026-07-01 13:07:18 INF] Hosting environment: Development
[2026-07-01 13:07:18 INF] Content root path: E:\Demo\source\repos\RentalBillingSystem\src\RBS.Api
[2026-07-01 13:07:55 ERR] HTTP GET /api/companies 产生未处理异常
Microsoft.Data.SqlClient.SqlException (0x80131904): 必须声明标量变量 "@IsActive"。
在 FETCH 语句中选项 NEXT 的用法无效。
   at Microsoft.Data.SqlClient.SqlCommand.<>c.<ExecuteDbDataReaderAsync>b__195_0(Task`1 result)
   at System.Threading.Tasks.ContinuationResultTaskFromResultTask`2.InnerInvoke()
   at System.Threading.ExecutionContext.RunInternal(ExecutionContext executionContext, ContextCallback callback, Object state)
--- End of stack trace from previous location ---
   at System.Threading.ExecutionContext.RunInternal(ExecutionContext executionContext, ContextCallback callback, Object state)
   at System.Threading.Tasks.Task.ExecuteWithThreadLocal(Task& currentTaskSlot, Thread threadPoolThread)
--- End of stack trace from previous location ---
   at Dapper.SqlMapper.QueryAsync[T](IDbConnection cnn, Type effectiveType, CommandDefinition command) in /_/Dapper/SqlMapper.Async.cs:line 434
   at RBS.Application.Services.Organization.CompanyService.GetPagedAsync(CompanyQuery query, CancellationToken ct) in E:\Demo\source\repos\RentalBillingSystem\src\RBS.Application\Services\Organization\CompanyService.cs:line 49
   at RBS.Api.Controllers.CompaniesController.GetAll(Int32 page, Int32 pageSize, String name, Nullable`1 isActive, CancellationToken ct) in E:\Demo\source\repos\RentalBillingSystem\src\RBS.Api\Controllers\CompaniesController.cs:line 33
   at Microsoft.AspNetCore.Mvc.Infrastructure.ActionMethodExecutor.TaskOfIActionResultExecutor.Execute(ActionContext actionContext, IActionResultTypeMapper mapper, ObjectMethodExecutor executor, Object controller, Object[] arguments)
   at Microsoft.AspNetCore.Mvc.Infrastructure.ControllerActionInvoker.<InvokeActionMethodAsync>g__Awaited|12_0(ControllerActionInvoker invoker, ValueTask`1 actionResultValueTask)
   at Microsoft.AspNetCore.Mvc.Infrastructure.ControllerActionInvoker.<InvokeNextActionFilterAsync>g__Awaited|10_0(ControllerActionInvoker invoker, Task lastTask, State next, Scope scope, Object state, Boolean isCompleted)
   at Microsoft.AspNetCore.Mvc.Infrastructure.ControllerActionInvoker.Rethrow(ActionExecutedContextSealed context)
   at Microsoft.AspNetCore.Mvc.Infrastructure.ControllerActionInvoker.Next(State& next, Scope& scope, Object& state, Boolean& isCompleted)
   at Microsoft.AspNetCore.Mvc.Infrastructure.ControllerActionInvoker.<InvokeInnerFilterAsync>g__Awaited|13_0(ControllerActionInvoker invoker, Task lastTask, State next, Scope scope, Object state, Boolean isCompleted)
   at Microsoft.AspNetCore.Mvc.Infrastructure.ResourceInvoker.<InvokeFilterPipelineAsync>g__Awaited|20_0(ResourceInvoker invoker, Task lastTask, State next, Scope scope, Object state, Boolean isCompleted)
   at Microsoft.AspNetCore.Mvc.Infrastructure.ResourceInvoker.<InvokeAsync>g__Awaited|17_0(ResourceInvoker invoker, Task task, IDisposable scope)
   at Microsoft.AspNetCore.Mvc.Infrastructure.ResourceInvoker.<InvokeAsync>g__Awaited|17_0(ResourceInvoker invoker, Task task, IDisposable scope)
   at RBS.Api.Middleware.ApiLoggingMiddleware.InvokeAsync(HttpContext context) in E:\Demo\source\repos\RentalBillingSystem\src\RBS.Api\Middleware\ApiLoggingMiddleware.cs:line 51
   at RBS.Api.Middleware.ApiLoggingMiddleware.InvokeAsync(HttpContext context) in E:\Demo\source\repos\RentalBillingSystem\src\RBS.Api\Middleware\ApiLoggingMiddleware.cs:line 92
   at Microsoft.AspNetCore.Authorization.AuthorizationMiddleware.Invoke(HttpContext context)
   at Microsoft.AspNetCore.Authentication.AuthenticationMiddleware.Invoke(HttpContext context)
   at Swashbuckle.AspNetCore.SwaggerUI.SwaggerUIMiddleware.Invoke(HttpContext httpContext)
   at Swashbuckle.AspNetCore.Swagger.SwaggerMiddleware.Invoke(HttpContext httpContext, ISwaggerProvider swaggerProvider)
   at RBS.Api.Middleware.ExceptionLoggingMiddleware.InvokeAsync(HttpContext context) in E:\Demo\source\repos\RentalBillingSystem\src\RBS.Api\Middleware\ExceptionLoggingMiddleware.cs:line 26
ClientConnectionId:b0d08bce-7621-4f59-be4b-50e2af0c97e5
Error Number:137,State:2,Class:15
[2026-07-01 13:08:34 ERR] HTTP GET /api/companies 产生未处理异常
Microsoft.Data.SqlClient.SqlException (0x80131904): 必须声明标量变量 "@IsActive"。
在 FETCH 语句中选项 NEXT 的用法无效。
   at Microsoft.Data.SqlClient.SqlCommand.<>c.<ExecuteDbDataReaderAsync>b__195_0(Task`1 result)
   at System.Threading.Tasks.ContinuationResultTaskFromResultTask`2.InnerInvoke()
   at System.Threading.ExecutionContext.RunInternal(ExecutionContext executionContext, ContextCallback callback, Object state)
--- End of stack trace from previous location ---
   at System.Threading.ExecutionContext.RunInternal(ExecutionContext executionContext, ContextCallback callback, Object state)
   at System.Threading.Tasks.Task.ExecuteWithThreadLocal(Task& currentTaskSlot, Thread threadPoolThread)
--- End of stack trace from previous location ---
   at Dapper.SqlMapper.QueryAsync[T](IDbConnection cnn, Type effectiveType, CommandDefinition command) in /_/Dapper/SqlMapper.Async.cs:line 434
   at RBS.Application.Services.Organization.CompanyService.GetPagedAsync(CompanyQuery query, CancellationToken ct) in E:\Demo\source\repos\RentalBillingSystem\src\RBS.Application\Services\Organization\CompanyService.cs:line 49
   at RBS.Api.Controllers.CompaniesController.GetAll(Int32 page, Int32 pageSize, String name, Nullable`1 isActive, CancellationToken ct) in E:\Demo\source\repos\RentalBillingSystem\src\RBS.Api\Controllers\CompaniesController.cs:line 33
   at Microsoft.AspNetCore.Mvc.Infrastructure.ActionMethodExecutor.TaskOfIActionResultExecutor.Execute(ActionContext actionContext, IActionResultTypeMapper mapper, ObjectMethodExecutor executor, Object controller, Object[] arguments)
   at Microsoft.AspNetCore.Mvc.Infrastructure.ControllerActionInvoker.<InvokeActionMethodAsync>g__Awaited|12_0(ControllerActionInvoker invoker, ValueTask`1 actionResultValueTask)
   at Microsoft.AspNetCore.Mvc.Infrastructure.ControllerActionInvoker.<InvokeNextActionFilterAsync>g__Awaited|10_0(ControllerActionInvoker invoker, Task lastTask, State next, Scope scope, Object state, Boolean isCompleted)
   at Microsoft.AspNetCore.Mvc.Infrastructure.ControllerActionInvoker.Rethrow(ActionExecutedContextSealed context)
   at Microsoft.AspNetCore.Mvc.Infrastructure.ControllerActionInvoker.Next(State& next, Scope& scope, Object& state, Boolean& isCompleted)
   at Microsoft.AspNetCore.Mvc.Infrastructure.ControllerActionInvoker.<InvokeInnerFilterAsync>g__Awaited|13_0(ControllerActionInvoker invoker, Task lastTask, State next, Scope scope, Object state, Boolean isCompleted)
   at Microsoft.AspNetCore.Mvc.Infrastructure.ResourceInvoker.<InvokeFilterPipelineAsync>g__Awaited|20_0(ResourceInvoker invoker, Task lastTask, State next, Scope scope, Object state, Boolean isCompleted)
   at Microsoft.AspNetCore.Mvc.Infrastructure.ResourceInvoker.<InvokeAsync>g__Awaited|17_0(ResourceInvoker invoker, Task task, IDisposable scope)
   at Microsoft.AspNetCore.Mvc.Infrastructure.ResourceInvoker.<InvokeAsync>g__Awaited|17_0(ResourceInvoker invoker, Task task, IDisposable scope)
   at RBS.Api.Middleware.ApiLoggingMiddleware.InvokeAsync(HttpContext context) in E:\Demo\source\repos\RentalBillingSystem\src\RBS.Api\Middleware\ApiLoggingMiddleware.cs:line 51
   at RBS.Api.Middleware.ApiLoggingMiddleware.InvokeAsync(HttpContext context) in E:\Demo\source\repos\RentalBillingSystem\src\RBS.Api\Middleware\ApiLoggingMiddleware.cs:line 92
   at Microsoft.AspNetCore.Authorization.AuthorizationMiddleware.Invoke(HttpContext context)
   at Microsoft.AspNetCore.Authentication.AuthenticationMiddleware.Invoke(HttpContext context)
   at Swashbuckle.AspNetCore.SwaggerUI.SwaggerUIMiddleware.Invoke(HttpContext httpContext)
   at Swashbuckle.AspNetCore.Swagger.SwaggerMiddleware.Invoke(HttpContext httpContext, ISwaggerProvider swaggerProvider)
   at RBS.Api.Middleware.ExceptionLoggingMiddleware.InvokeAsync(HttpContext context) in E:\Demo\source\repos\RentalBillingSystem\src\RBS.Api\Middleware\ExceptionLoggingMiddleware.cs:line 26
ClientConnectionId:9cc956dc-a079-4ecb-aee8-4fdd2bda6ebe
Error Number:137,State:2,Class:15
[2026-07-01 13:09:48 INF] 应用程序启动成功
[2026-07-01 13:09:48 INF] Now listening on: http://localhost:5178
[2026-07-01 13:09:48 INF] Application started. Press Ctrl+C to shut down.
[2026-07-01 13:09:48 INF] Hosting environment: Development
[2026-07-01 13:09:48 INF] Content root path: E:\Demo\source\repos\RentalBillingSystem\src\RBS.Api
[2026-07-01 13:10:43 WRN] No instantiatable types implementing `IEntityTypeConfiguration` were found while scanning assembly 'RBS.Infrastructure, Version=1.0.0.0, Culture=neutral, PublicKeyToken=null'.
[2026-07-01 13:10:43 ERR] HTTP GET /api/apilogs 产生未处理异常
System.InvalidOperationException: The entity type 'VoucherStatus' requires a primary key to be defined. If you intended to use a keyless entity type, call 'HasNoKey' in 'OnModelCreating'. For more information on keyless entity types, see https://go.microsoft.com/fwlink/?linkid=2141943.
   at Microsoft.EntityFrameworkCore.Infrastructure.ModelValidator.ValidateNonNullPrimaryKeys(IModel model, IDiagnosticsLogger`1 logger)
   at Microsoft.EntityFrameworkCore.Infrastructure.ModelValidator.Validate(IModel model, IDiagnosticsLogger`1 logger)
   at Microsoft.EntityFrameworkCore.Infrastructure.RelationalModelValidator.Validate(IModel model, IDiagnosticsLogger`1 logger)
   at Microsoft.EntityFrameworkCore.SqlServer.Infrastructure.Internal.SqlServerModelValidator.Validate(IModel model, IDiagnosticsLogger`1 logger)
   at Microsoft.EntityFrameworkCore.Infrastructure.ModelRuntimeInitializer.Initialize(IModel model, Boolean designTime, IDiagnosticsLogger`1 validationLogger)
   at Microsoft.EntityFrameworkCore.Infrastructure.ModelSource.CreateModel(DbContext context, ModelCreationDependencies modelCreationDependencies, Boolean designTime)
   at Microsoft.EntityFrameworkCore.Infrastructure.ModelSource.GetModel(DbContext context, ModelCreationDependencies modelCreationDependencies, Boolean designTime)
   at Microsoft.EntityFrameworkCore.Internal.DbContextServices.CreateModel(Boolean designTime)
   at Microsoft.EntityFrameworkCore.Internal.DbContextServices.get_Model()
   at Microsoft.EntityFrameworkCore.Infrastructure.EntityFrameworkServicesBuilder.<>c.<TryAddCoreServices>b__8_4(IServiceProvider p)
   at Microsoft.Extensions.DependencyInjection.ServiceLookup.CallSiteVisitor`2.VisitCallSiteMain(ServiceCallSite callSite, TArgument argument)
   at Microsoft.Extensions.DependencyInjection.ServiceLookup.CallSiteRuntimeResolver.VisitCache(ServiceCallSite callSite, RuntimeResolverContext context, ServiceProviderEngineScope serviceProviderEngine, RuntimeResolverLock lockType)
   at Microsoft.Extensions.DependencyInjection.ServiceLookup.CallSiteRuntimeResolver.VisitScopeCache(ServiceCallSite callSite, RuntimeResolverContext context)
   at Microsoft.Extensions.DependencyInjection.ServiceLookup.CallSiteVisitor`2.VisitCallSite(ServiceCallSite callSite, TArgument argument)
   at Microsoft.Extensions.DependencyInjection.ServiceLookup.CallSiteVisitor`2.VisitCallSiteMain(ServiceCallSite callSite, TArgument argument)
   at Microsoft.Extensions.DependencyInjection.ServiceLookup.CallSiteRuntimeResolver.VisitCache(ServiceCallSite callSite, RuntimeResolverContext context, ServiceProviderEngineScope serviceProviderEngine, RuntimeResolverLock lockType)
   at Microsoft.Extensions.DependencyInjection.ServiceLookup.CallSiteRuntimeResolver.VisitScopeCache(ServiceCallSite callSite, RuntimeResolverContext context)
   at Microsoft.Extensions.DependencyInjection.ServiceLookup.CallSiteVisitor`2.VisitCallSite(ServiceCallSite callSite, TArgument argument)
   at Microsoft.Extensions.DependencyInjection.ServiceLookup.CallSiteVisitor`2.VisitCallSiteMain(ServiceCallSite callSite, TArgument argument)
   at Microsoft.Extensions.DependencyInjection.ServiceLookup.CallSiteRuntimeResolver.VisitCache(ServiceCallSite callSite, RuntimeResolverContext context, ServiceProviderEngineScope serviceProviderEngine, RuntimeResolverLock lockType)
   at Microsoft.Extensions.DependencyInjection.ServiceLookup.CallSiteRuntimeResolver.VisitScopeCache(ServiceCallSite callSite, RuntimeResolverContext context)
   at Microsoft.Extensions.DependencyInjection.ServiceLookup.CallSiteVisitor`2.VisitCallSite(ServiceCallSite callSite, TArgument argument)
   at Microsoft.Extensions.DependencyInjection.ServiceLookup.CallSiteVisitor`2.VisitCallSiteMain(ServiceCallSite callSite, TArgument argument)
   at Microsoft.Extensions.DependencyInjection.ServiceLookup.CallSiteRuntimeResolver.VisitCache(ServiceCallSite callSite, RuntimeResolverContext context, ServiceProviderEngineScope serviceProviderEngine, RuntimeResolverLock lockType)
   at Microsoft.Extensions.DependencyInjection.ServiceLookup.CallSiteRuntimeResolver.VisitScopeCache(ServiceCallSite callSite, RuntimeResolverContext context)
   at Microsoft.Extensions.DependencyInjection.ServiceLookup.CallSiteVisitor`2.VisitCallSite(ServiceCallSite callSite, TArgument argument)
   at Microsoft.Extensions.DependencyInjection.ServiceLookup.CallSiteVisitor`2.VisitCallSiteMain(ServiceCallSite callSite, TArgument argument)
   at Microsoft.Extensions.DependencyInjection.ServiceLookup.CallSiteRuntimeResolver.VisitCache(ServiceCallSite callSite, RuntimeResolverContext context, ServiceProviderEngineScope serviceProviderEngine, RuntimeResolverLock lockType)
   at Microsoft.Extensions.DependencyInjection.ServiceLookup.CallSiteRuntimeResolver.VisitScopeCache(ServiceCallSite callSite, RuntimeResolverContext context)
   at Microsoft.Extensions.DependencyInjection.ServiceLookup.CallSiteVisitor`2.VisitCallSite(ServiceCallSite callSite, TArgument argument)
   at Microsoft.Extensions.DependencyInjection.ServiceLookup.CallSiteVisitor`2.VisitCallSiteMain(ServiceCallSite callSite, TArgument argument)
   at Microsoft.Extensions.DependencyInjection.ServiceLookup.CallSiteRuntimeResolver.VisitCache(ServiceCallSite callSite, RuntimeResolverContext context, ServiceProviderEngineScope serviceProviderEngine, RuntimeResolverLock lockType)
   at Microsoft.Extensions.DependencyInjection.ServiceLookup.CallSiteRuntimeResolver.VisitScopeCache(ServiceCallSite callSite, RuntimeResolverContext context)
   at Microsoft.Extensions.DependencyInjection.ServiceLookup.CallSiteVisitor`2.VisitCallSite(ServiceCallSite callSite, TArgument argument)
   at Microsoft.Extensions.DependencyInjection.ServiceLookup.CallSiteRuntimeResolver.Resolve(ServiceCallSite callSite, ServiceProviderEngineScope scope)
   at Microsoft.Extensions.DependencyInjection.ServiceLookup.DynamicServiceProviderEngine.<>c__DisplayClass2_0.<RealizeService>b__0(ServiceProviderEngineScope scope)
   at Microsoft.Extensions.DependencyInjection.ServiceLookup.ServiceProviderEngineScope.GetService(Type serviceType)
   at Microsoft.Extensions.DependencyInjection.ServiceProviderServiceExtensions.GetRequiredService[T](IServiceProvider provider)
   at Microsoft.EntityFrameworkCore.DbContext.get_DbContextDependencies()
   at Microsoft.EntityFrameworkCore.DbContext.get_ContextServices()
   at Microsoft.EntityFrameworkCore.DbContext.get_InternalServiceProvider()
   at Microsoft.EntityFrameworkCore.DbContext.get_DbContextDependencies()
   at Microsoft.EntityFrameworkCore.DbContext.Set[TEntity]()
   at RBS.Infrastructure.Data.AppDbContext.get_ApiLogs() in E:\Demo\source\repos\RentalBillingSystem\src\RBS.Infrastructure\Data\AppDbContext.cs:line 105
   at RBS.Api.Controllers.ApiLogsController.GetList(Int32 page, Int32 pageSize, String method, String path, Nullable`1 statusCode, Nullable`1 userId, Nullable`1 startDate, Nullable`1 endDate, CancellationToken ct) in E:\Demo\source\repos\RentalBillingSystem\src\RBS.Api\Controllers\ApiLogsController.cs:line 44
   at Microsoft.AspNetCore.Mvc.Infrastructure.ActionMethodExecutor.TaskOfIActionResultExecutor.Execute(ActionContext actionContext, IActionResultTypeMapper mapper, ObjectMethodExecutor executor, Object controller, Object[] arguments)
   at Microsoft.AspNetCore.Mvc.Infrastructure.ControllerActionInvoker.<InvokeActionMethodAsync>g__Awaited|12_0(ControllerActionInvoker invoker, ValueTask`1 actionResultValueTask)
   at Microsoft.AspNetCore.Mvc.Infrastructure.ControllerActionInvoker.<InvokeNextActionFilterAsync>g__Awaited|10_0(ControllerActionInvoker invoker, Task lastTask, State next, Scope scope, Object state, Boolean isCompleted)
   at Microsoft.AspNetCore.Mvc.Infrastructure.ControllerActionInvoker.Rethrow(ActionExecutedContextSealed context)
   at Microsoft.AspNetCore.Mvc.Infrastructure.ControllerActionInvoker.Next(State& next, Scope& scope, Object& state, Boolean& isCompleted)
   at Microsoft.AspNetCore.Mvc.Infrastructure.ControllerActionInvoker.InvokeInnerFilterAsync()
--- End of stack trace from previous location ---
   at Microsoft.AspNetCore.Mvc.Infrastructure.ResourceInvoker.<InvokeFilterPipelineAsync>g__Awaited|20_0(ResourceInvoker invoker, Task lastTask, State next, Scope scope, Object state, Boolean isCompleted)
   at Microsoft.AspNetCore.Mvc.Infrastructure.ResourceInvoker.<InvokeAsync>g__Awaited|17_0(ResourceInvoker invoker, Task task, IDisposable scope)
   at Microsoft.AspNetCore.Mvc.Infrastructure.ResourceInvoker.<InvokeAsync>g__Awaited|17_0(ResourceInvoker invoker, Task task, IDisposable scope)
   at RBS.Api.Middleware.ApiLoggingMiddleware.InvokeAsync(HttpContext context) in E:\Demo\source\repos\RentalBillingSystem\src\RBS.Api\Middleware\ApiLoggingMiddleware.cs:line 28
   at Microsoft.AspNetCore.Authorization.AuthorizationMiddleware.Invoke(HttpContext context)
   at Microsoft.AspNetCore.Authentication.AuthenticationMiddleware.Invoke(HttpContext context)
   at Swashbuckle.AspNetCore.SwaggerUI.SwaggerUIMiddleware.Invoke(HttpContext httpContext)
   at Swashbuckle.AspNetCore.Swagger.SwaggerMiddleware.Invoke(HttpContext httpContext, ISwaggerProvider swaggerProvider)
   at RBS.Api.Middleware.ExceptionLoggingMiddleware.InvokeAsync(HttpContext context) in E:\Demo\source\repos\RentalBillingSystem\src\RBS.Api\Middleware\ExceptionLoggingMiddleware.cs:line 26
[2026-07-01 13:14:26 INF] 应用程序启动成功
[2026-07-01 13:14:26 INF] Now listening on: http://localhost:5178
[2026-07-01 13:14:26 INF] Application started. Press Ctrl+C to shut down.
[2026-07-01 13:14:26 INF] Hosting environment: Development
[2026-07-01 13:14:26 INF] Content root path: E:\Demo\source\repos\RentalBillingSystem\src\RBS.Api
[2026-07-01 13:25:22 INF] 应用程序启动成功
[2026-07-01 13:25:22 INF] Now listening on: http://localhost:5178
[2026-07-01 13:25:22 INF] Application started. Press Ctrl+C to shut down.
[2026-07-01 13:25:22 INF] Hosting environment: Development
[2026-07-01 13:25:22 INF] Content root path: E:\Demo\source\repos\RentalBillingSystem\src\RBS.Api
[2026-07-01 13:27:36 INF] 应用程序启动成功
[2026-07-01 13:27:36 INF] Now listening on: http://localhost:5178
[2026-07-01 13:27:36 INF] Application started. Press Ctrl+C to shut down.
[2026-07-01 13:27:36 INF] Hosting environment: Development
[2026-07-01 13:27:36 INF] Content root path: E:\Demo\source\repos\RentalBillingSystem\src\RBS.Api
[2026-07-01 13:59:40 INF] 应用程序启动成功
[2026-07-01 13:59:40 INF] Now listening on: http://localhost:5178
[2026-07-01 13:59:40 INF] Application started. Press Ctrl+C to shut down.
[2026-07-01 13:59:40 INF] Hosting environment: Development
[2026-07-01 13:59:40 INF] Content root path: E:\Demo\source\repos\RentalBillingSystem\src\RBS.Api
[2026-07-01 14:08:00 INF] 应用程序启动成功
[2026-07-01 14:08:00 INF] Now listening on: http://localhost:5178
[2026-07-01 14:08:00 INF] Application started. Press Ctrl+C to shut down.
[2026-07-01 14:08:00 INF] Hosting environment: Development
[2026-07-01 14:08:00 INF] Content root path: E:\Demo\source\repos\RentalBillingSystem\src\RBS.Api
[2026-07-01 14:10:06 INF] 应用程序启动成功
[2026-07-01 14:10:06 INF] Now listening on: http://localhost:5178
[2026-07-01 14:10:06 INF] Application started. Press Ctrl+C to shut down.
[2026-07-01 14:10:06 INF] Hosting environment: Development
[2026-07-01 14:10:06 INF] Content root path: E:\Demo\source\repos\RentalBillingSystem\src\RBS.Api
[2026-07-01 14:12:24 ERR] HTTP GET /api/latefeeconfig/active 产生未处理异常
System.Data.DataException: Error parsing column 14 (EffectiveDate=2026/6/30 0:00:00 - DateTime)
 ---> System.InvalidCastException: Invalid cast from 'System.DateTime' to 'System.DateOnly'.
   at System.Convert.DefaultToType(IConvertible value, Type targetType, IFormatProvider provider)
   at Deserialized754ccc8-1c08-4534-af01-cdc47094f758(DbDataReader)
   --- End of inner exception stack trace ---
   at Dapper.SqlMapper.ThrowDataException(Exception ex, Int32 index, IDataReader reader, Object value) in /_/Dapper/SqlMapper.cs:line 4001
   at Deserialized754ccc8-1c08-4534-af01-cdc47094f758(DbDataReader)
   at Dapper.SqlMapper.QueryAsync[T](IDbConnection cnn, Type effectiveType, CommandDefinition command) in /_/Dapper/SqlMapper.Async.cs:line 454
   at RBS.Infrastructure.Data.Repositories.DapperRepository`1.GetAllAsync(CancellationToken ct) in E:\Demo\source\repos\RentalBillingSystem\src\RBS.Infrastructure\Data\Repositories\DapperRepository.cs:line 29
   at RBS.Application.Services.SystemConfig.LateFeeConfigService.GetActiveAsync(CancellationToken ct) in E:\Demo\source\repos\RentalBillingSystem\src\RBS.Application\Services\SystemConfig\LateFeeConfigService.cs:line 28
   at RBS.Api.Controllers.LateFeeConfigController.GetActive(CancellationToken ct) in E:\Demo\source\repos\RentalBillingSystem\src\RBS.Api\Controllers\LateFeeConfigController.cs:line 22
   at Microsoft.AspNetCore.Mvc.Infrastructure.ActionMethodExecutor.TaskOfIActionResultExecutor.Execute(ActionContext actionContext, IActionResultTypeMapper mapper, ObjectMethodExecutor executor, Object controller, Object[] arguments)
   at Microsoft.AspNetCore.Mvc.Infrastructure.ControllerActionInvoker.<InvokeActionMethodAsync>g__Awaited|12_0(ControllerActionInvoker invoker, ValueTask`1 actionResultValueTask)
   at Microsoft.AspNetCore.Mvc.Infrastructure.ControllerActionInvoker.<InvokeNextActionFilterAsync>g__Awaited|10_0(ControllerActionInvoker invoker, Task lastTask, State next, Scope scope, Object state, Boolean isCompleted)
   at Microsoft.AspNetCore.Mvc.Infrastructure.ControllerActionInvoker.Rethrow(ActionExecutedContextSealed context)
   at Microsoft.AspNetCore.Mvc.Infrastructure.ControllerActionInvoker.Next(State& next, Scope& scope, Object& state, Boolean& isCompleted)
   at Microsoft.AspNetCore.Mvc.Infrastructure.ControllerActionInvoker.<InvokeInnerFilterAsync>g__Awaited|13_0(ControllerActionInvoker invoker, Task lastTask, State next, Scope scope, Object state, Boolean isCompleted)
   at Microsoft.AspNetCore.Mvc.Infrastructure.ResourceInvoker.<InvokeFilterPipelineAsync>g__Awaited|20_0(ResourceInvoker invoker, Task lastTask, State next, Scope scope, Object state, Boolean isCompleted)
   at Microsoft.AspNetCore.Mvc.Infrastructure.ResourceInvoker.<InvokeAsync>g__Awaited|17_0(ResourceInvoker invoker, Task task, IDisposable scope)
   at Microsoft.AspNetCore.Mvc.Infrastructure.ResourceInvoker.<InvokeAsync>g__Awaited|17_0(ResourceInvoker invoker, Task task, IDisposable scope)
   at RBS.Api.Middleware.ApiLoggingMiddleware.InvokeAsync(HttpContext context) in E:\Demo\source\repos\RentalBillingSystem\src\RBS.Api\Middleware\ApiLoggingMiddleware.cs:line 51
   at RBS.Api.Middleware.ApiLoggingMiddleware.InvokeAsync(HttpContext context) in E:\Demo\source\repos\RentalBillingSystem\src\RBS.Api\Middleware\ApiLoggingMiddleware.cs:line 92
   at Microsoft.AspNetCore.Authorization.AuthorizationMiddleware.Invoke(HttpContext context)
   at Microsoft.AspNetCore.Authentication.AuthenticationMiddleware.Invoke(HttpContext context)
   at Swashbuckle.AspNetCore.SwaggerUI.SwaggerUIMiddleware.Invoke(HttpContext httpContext)
   at Swashbuckle.AspNetCore.Swagger.SwaggerMiddleware.Invoke(HttpContext httpContext, ISwaggerProvider swaggerProvider)
   at RBS.Api.Middleware.ExceptionLoggingMiddleware.InvokeAsync(HttpContext context) in E:\Demo\source\repos\RentalBillingSystem\src\RBS.Api\Middleware\ExceptionLoggingMiddleware.cs:line 26
[2026-07-01 14:12:24 ERR] HTTP GET /api/latefeeconfig 产生未处理异常
System.Data.DataException: Error parsing column 14 (EffectiveDate=2026/6/30 0:00:00 - DateTime)
 ---> System.InvalidCastException: Invalid cast from 'System.DateTime' to 'System.DateOnly'.
   at System.Convert.DefaultToType(IConvertible value, Type targetType, IFormatProvider provider)
   at Deserialized754ccc8-1c08-4534-af01-cdc47094f758(DbDataReader)
   --- End of inner exception stack trace ---
   at Dapper.SqlMapper.ThrowDataException(Exception ex, Int32 index, IDataReader reader, Object value) in /_/Dapper/SqlMapper.cs:line 4001
   at Deserialized754ccc8-1c08-4534-af01-cdc47094f758(DbDataReader)
   at Dapper.SqlMapper.QueryAsync[T](IDbConnection cnn, Type effectiveType, CommandDefinition command) in /_/Dapper/SqlMapper.Async.cs:line 454
   at RBS.Infrastructure.Data.Repositories.DapperRepository`1.GetAllAsync(CancellationToken ct) in E:\Demo\source\repos\RentalBillingSystem\src\RBS.Infrastructure\Data\Repositories\DapperRepository.cs:line 29
   at RBS.Application.Services.SystemConfig.LateFeeConfigService.GetListAsync(CancellationToken ct) in E:\Demo\source\repos\RentalBillingSystem\src\RBS.Application\Services\SystemConfig\LateFeeConfigService.cs:line 22
   at RBS.Api.Controllers.LateFeeConfigController.GetList(CancellationToken ct) in E:\Demo\source\repos\RentalBillingSystem\src\RBS.Api\Controllers\LateFeeConfigController.cs:line 18
   at Microsoft.AspNetCore.Mvc.Infrastructure.ActionMethodExecutor.TaskOfIActionResultExecutor.Execute(ActionContext actionContext, IActionResultTypeMapper mapper, ObjectMethodExecutor executor, Object controller, Object[] arguments)
   at Microsoft.AspNetCore.Mvc.Infrastructure.ControllerActionInvoker.<InvokeActionMethodAsync>g__Awaited|12_0(ControllerActionInvoker invoker, ValueTask`1 actionResultValueTask)
   at Microsoft.AspNetCore.Mvc.Infrastructure.ControllerActionInvoker.<InvokeNextActionFilterAsync>g__Awaited|10_0(ControllerActionInvoker invoker, Task lastTask, State next, Scope scope, Object state, Boolean isCompleted)
   at Microsoft.AspNetCore.Mvc.Infrastructure.ControllerActionInvoker.Rethrow(ActionExecutedContextSealed context)
   at Microsoft.AspNetCore.Mvc.Infrastructure.ControllerActionInvoker.Next(State& next, Scope& scope, Object& state, Boolean& isCompleted)
   at Microsoft.AspNetCore.Mvc.Infrastructure.ControllerActionInvoker.<InvokeInnerFilterAsync>g__Awaited|13_0(ControllerActionInvoker invoker, Task lastTask, State next, Scope scope, Object state, Boolean isCompleted)
   at Microsoft.AspNetCore.Mvc.Infrastructure.ResourceInvoker.<InvokeFilterPipelineAsync>g__Awaited|20_0(ResourceInvoker invoker, Task lastTask, State next, Scope scope, Object state, Boolean isCompleted)
   at Microsoft.AspNetCore.Mvc.Infrastructure.ResourceInvoker.<InvokeAsync>g__Awaited|17_0(ResourceInvoker invoker, Task task, IDisposable scope)
   at Microsoft.AspNetCore.Mvc.Infrastructure.ResourceInvoker.<InvokeAsync>g__Awaited|17_0(ResourceInvoker invoker, Task task, IDisposable scope)
   at RBS.Api.Middleware.ApiLoggingMiddleware.InvokeAsync(HttpContext context) in E:\Demo\source\repos\RentalBillingSystem\src\RBS.Api\Middleware\ApiLoggingMiddleware.cs:line 51
   at RBS.Api.Middleware.ApiLoggingMiddleware.InvokeAsync(HttpContext context) in E:\Demo\source\repos\RentalBillingSystem\src\RBS.Api\Middleware\ApiLoggingMiddleware.cs:line 92
   at Microsoft.AspNetCore.Authorization.AuthorizationMiddleware.Invoke(HttpContext context)
   at Microsoft.AspNetCore.Authentication.AuthenticationMiddleware.Invoke(HttpContext context)
   at Swashbuckle.AspNetCore.SwaggerUI.SwaggerUIMiddleware.Invoke(HttpContext httpContext)
   at Swashbuckle.AspNetCore.Swagger.SwaggerMiddleware.Invoke(HttpContext httpContext, ISwaggerProvider swaggerProvider)
   at RBS.Api.Middleware.ExceptionLoggingMiddleware.InvokeAsync(HttpContext context) in E:\Demo\source\repos\RentalBillingSystem\src\RBS.Api\Middleware\ExceptionLoggingMiddleware.cs:line 26
[2026-07-01 14:12:30 ERR] HTTP POST /api/latefeeconfig 产生未处理异常
System.Data.DataException: Error parsing column 14 (EffectiveDate=2026/6/30 0:00:00 - DateTime)
 ---> System.InvalidCastException: Invalid cast from 'System.DateTime' to 'System.DateOnly'.
   at System.Convert.DefaultToType(IConvertible value, Type targetType, IFormatProvider provider)
   at Deserialized754ccc8-1c08-4534-af01-cdc47094f758(DbDataReader)
   --- End of inner exception stack trace ---
   at Dapper.SqlMapper.ThrowDataException(Exception ex, Int32 index, IDataReader reader, Object value) in /_/Dapper/SqlMapper.cs:line 4001
   at Deserialized754ccc8-1c08-4534-af01-cdc47094f758(DbDataReader)
   at Dapper.SqlMapper.QueryAsync[T](IDbConnection cnn, Type effectiveType, CommandDefinition command) in /_/Dapper/SqlMapper.Async.cs:line 454
   at RBS.Infrastructure.Data.Repositories.DapperRepository`1.GetAllAsync(CancellationToken ct) in E:\Demo\source\repos\RentalBillingSystem\src\RBS.Infrastructure\Data\Repositories\DapperRepository.cs:line 29
   at RBS.Application.Services.SystemConfig.LateFeeConfigService.SaveAsync(SaveLateFeeConfigRequest request, CancellationToken ct) in E:\Demo\source\repos\RentalBillingSystem\src\RBS.Application\Services\SystemConfig\LateFeeConfigService.cs:line 41
   at RBS.Api.Controllers.LateFeeConfigController.Save(SaveLateFeeConfigRequest request, CancellationToken ct) in E:\Demo\source\repos\RentalBillingSystem\src\RBS.Api\Controllers\LateFeeConfigController.cs:line 26
   at Microsoft.AspNetCore.Mvc.Infrastructure.ActionMethodExecutor.TaskOfIActionResultExecutor.Execute(ActionContext actionContext, IActionResultTypeMapper mapper, ObjectMethodExecutor executor, Object controller, Object[] arguments)
   at Microsoft.AspNetCore.Mvc.Infrastructure.ControllerActionInvoker.<InvokeActionMethodAsync>g__Awaited|12_0(ControllerActionInvoker invoker, ValueTask`1 actionResultValueTask)
   at Microsoft.AspNetCore.Mvc.Infrastructure.ControllerActionInvoker.<InvokeNextActionFilterAsync>g__Awaited|10_0(ControllerActionInvoker invoker, Task lastTask, State next, Scope scope, Object state, Boolean isCompleted)
   at Microsoft.AspNetCore.Mvc.Infrastructure.ControllerActionInvoker.Rethrow(ActionExecutedContextSealed context)
   at Microsoft.AspNetCore.Mvc.Infrastructure.ControllerActionInvoker.Next(State& next, Scope& scope, Object& state, Boolean& isCompleted)
   at Microsoft.AspNetCore.Mvc.Infrastructure.ControllerActionInvoker.<InvokeInnerFilterAsync>g__Awaited|13_0(ControllerActionInvoker invoker, Task lastTask, State next, Scope scope, Object state, Boolean isCompleted)
   at Microsoft.AspNetCore.Mvc.Infrastructure.ResourceInvoker.<InvokeFilterPipelineAsync>g__Awaited|20_0(ResourceInvoker invoker, Task lastTask, State next, Scope scope, Object state, Boolean isCompleted)
   at Microsoft.AspNetCore.Mvc.Infrastructure.ResourceInvoker.<InvokeAsync>g__Awaited|17_0(ResourceInvoker invoker, Task task, IDisposable scope)
   at Microsoft.AspNetCore.Mvc.Infrastructure.ResourceInvoker.<InvokeAsync>g__Awaited|17_0(ResourceInvoker invoker, Task task, IDisposable scope)
   at RBS.Api.Middleware.ApiLoggingMiddleware.InvokeAsync(HttpContext context) in E:\Demo\source\repos\RentalBillingSystem\src\RBS.Api\Middleware\ApiLoggingMiddleware.cs:line 51
   at RBS.Api.Middleware.ApiLoggingMiddleware.InvokeAsync(HttpContext context) in E:\Demo\source\repos\RentalBillingSystem\src\RBS.Api\Middleware\ApiLoggingMiddleware.cs:line 92
   at Microsoft.AspNetCore.Authorization.AuthorizationMiddleware.Invoke(HttpContext context)
   at Microsoft.AspNetCore.Authentication.AuthenticationMiddleware.Invoke(HttpContext context)
   at Swashbuckle.AspNetCore.SwaggerUI.SwaggerUIMiddleware.Invoke(HttpContext httpContext)
   at Swashbuckle.AspNetCore.Swagger.SwaggerMiddleware.Invoke(HttpContext httpContext, ISwaggerProvider swaggerProvider)
   at RBS.Api.Middleware.ExceptionLoggingMiddleware.InvokeAsync(HttpContext context) in E:\Demo\source\repos\RentalBillingSystem\src\RBS.Api\Middleware\ExceptionLoggingMiddleware.cs:line 26
[2026-07-01 14:12:47 ERR] HTTP POST /api/latefeeconfig 产生未处理异常
System.Data.DataException: Error parsing column 14 (EffectiveDate=2026/6/30 0:00:00 - DateTime)
 ---> System.InvalidCastException: Invalid cast from 'System.DateTime' to 'System.DateOnly'.
   at System.Convert.DefaultToType(IConvertible value, Type targetType, IFormatProvider provider)
   at Deserialized754ccc8-1c08-4534-af01-cdc47094f758(DbDataReader)
   --- End of inner exception stack trace ---
   at Dapper.SqlMapper.ThrowDataException(Exception ex, Int32 index, IDataReader reader, Object value) in /_/Dapper/SqlMapper.cs:line 4001
   at Deserialized754ccc8-1c08-4534-af01-cdc47094f758(DbDataReader)
   at Dapper.SqlMapper.QueryAsync[T](IDbConnection cnn, Type effectiveType, CommandDefinition command) in /_/Dapper/SqlMapper.Async.cs:line 454
   at RBS.Infrastructure.Data.Repositories.DapperRepository`1.GetAllAsync(CancellationToken ct) in E:\Demo\source\repos\RentalBillingSystem\src\RBS.Infrastructure\Data\Repositories\DapperRepository.cs:line 29
   at RBS.Application.Services.SystemConfig.LateFeeConfigService.SaveAsync(SaveLateFeeConfigRequest request, CancellationToken ct) in E:\Demo\source\repos\RentalBillingSystem\src\RBS.Application\Services\SystemConfig\LateFeeConfigService.cs:line 41
   at RBS.Api.Controllers.LateFeeConfigController.Save(SaveLateFeeConfigRequest request, CancellationToken ct) in E:\Demo\source\repos\RentalBillingSystem\src\RBS.Api\Controllers\LateFeeConfigController.cs:line 26
   at Microsoft.AspNetCore.Mvc.Infrastructure.ActionMethodExecutor.TaskOfIActionResultExecutor.Execute(ActionContext actionContext, IActionResultTypeMapper mapper, ObjectMethodExecutor executor, Object controller, Object[] arguments)
   at Microsoft.AspNetCore.Mvc.Infrastructure.ControllerActionInvoker.<InvokeActionMethodAsync>g__Awaited|12_0(ControllerActionInvoker invoker, ValueTask`1 actionResultValueTask)
   at Microsoft.AspNetCore.Mvc.Infrastructure.ControllerActionInvoker.<InvokeNextActionFilterAsync>g__Awaited|10_0(ControllerActionInvoker invoker, Task lastTask, State next, Scope scope, Object state, Boolean isCompleted)
   at Microsoft.AspNetCore.Mvc.Infrastructure.ControllerActionInvoker.Rethrow(ActionExecutedContextSealed context)
   at Microsoft.AspNetCore.Mvc.Infrastructure.ControllerActionInvoker.Next(State& next, Scope& scope, Object& state, Boolean& isCompleted)
   at Microsoft.AspNetCore.Mvc.Infrastructure.ControllerActionInvoker.<InvokeInnerFilterAsync>g__Awaited|13_0(ControllerActionInvoker invoker, Task lastTask, State next, Scope scope, Object state, Boolean isCompleted)
   at Microsoft.AspNetCore.Mvc.Infrastructure.ResourceInvoker.<InvokeFilterPipelineAsync>g__Awaited|20_0(ResourceInvoker invoker, Task lastTask, State next, Scope scope, Object state, Boolean isCompleted)
   at Microsoft.AspNetCore.Mvc.Infrastructure.ResourceInvoker.<InvokeAsync>g__Awaited|17_0(ResourceInvoker invoker, Task task, IDisposable scope)
   at Microsoft.AspNetCore.Mvc.Infrastructure.ResourceInvoker.<InvokeAsync>g__Awaited|17_0(ResourceInvoker invoker, Task task, IDisposable scope)
   at RBS.Api.Middleware.ApiLoggingMiddleware.InvokeAsync(HttpContext context) in E:\Demo\source\repos\RentalBillingSystem\src\RBS.Api\Middleware\ApiLoggingMiddleware.cs:line 51
   at RBS.Api.Middleware.ApiLoggingMiddleware.InvokeAsync(HttpContext context) in E:\Demo\source\repos\RentalBillingSystem\src\RBS.Api\Middleware\ApiLoggingMiddleware.cs:line 92
   at Microsoft.AspNetCore.Authorization.AuthorizationMiddleware.Invoke(HttpContext context)
   at Microsoft.AspNetCore.Authentication.AuthenticationMiddleware.Invoke(HttpContext context)
   at Swashbuckle.AspNetCore.SwaggerUI.SwaggerUIMiddleware.Invoke(HttpContext httpContext)
   at Swashbuckle.AspNetCore.Swagger.SwaggerMiddleware.Invoke(HttpContext httpContext, ISwaggerProvider swaggerProvider)
   at RBS.Api.Middleware.ExceptionLoggingMiddleware.InvokeAsync(HttpContext context) in E:\Demo\source\repos\RentalBillingSystem\src\RBS.Api\Middleware\ExceptionLoggingMiddleware.cs:line 26
[2026-07-01 14:16:18 INF] 应用程序启动成功
[2026-07-01 14:16:19 INF] Now listening on: http://localhost:5178
[2026-07-01 14:16:19 INF] Application started. Press Ctrl+C to shut down.
[2026-07-01 14:16:19 INF] Hosting environment: Development
[2026-07-01 14:16:19 INF] Content root path: E:\Demo\source\repos\RentalBillingSystem\src\RBS.Api
[2026-07-01 14:18:01 INF] 应用程序启动成功
[2026-07-01 14:18:01 INF] Now listening on: http://localhost:5178
[2026-07-01 14:18:01 INF] Application started. Press Ctrl+C to shut down.
[2026-07-01 14:18:01 INF] Hosting environment: Development
[2026-07-01 14:18:01 INF] Content root path: E:\Demo\source\repos\RentalBillingSystem\src\RBS.Api
[2026-07-01 14:20:10 ERR] HTTP GET /api/holidaycalendars 产生未处理异常
System.Data.DataException: Error parsing column 1 (HolidayDate=2026/1/1 0:00:00 - DateTime)
 ---> System.InvalidCastException: Invalid cast from 'System.DateTime' to 'System.DateOnly'.
   at System.Convert.DefaultToType(IConvertible value, Type targetType, IFormatProvider provider)
   at Deserializeba514d59-34f8-44b8-b800-6e7bd10cca03(DbDataReader)
   --- End of inner exception stack trace ---
   at Dapper.SqlMapper.ThrowDataException(Exception ex, Int32 index, IDataReader reader, Object value) in /_/Dapper/SqlMapper.cs:line 4001
   at Deserializeba514d59-34f8-44b8-b800-6e7bd10cca03(DbDataReader)
   at Dapper.SqlMapper.QueryAsync[T](IDbConnection cnn, Type effectiveType, CommandDefinition command) in /_/Dapper/SqlMapper.Async.cs:line 454
   at RBS.Infrastructure.Data.Repositories.DapperHolidayCalendarRepository.GetByYearAsync(Guid companyId, Int32 year, CancellationToken ct) in E:\Demo\source\repos\RentalBillingSystem\src\RBS.Infrastructure\Data\Repositories\DapperRepositories2.cs:line 105
   at RBS.Application.Services.SystemConfig.HolidayCalendarService.GetByYearAsync(Int32 year, CancellationToken ct) in E:\Demo\source\repos\RentalBillingSystem\src\RBS.Application\Services\SystemConfig\HolidayCalendarService.cs:line 26
   at RBS.Api.Controllers.HolidayCalendarsController.GetAll(Nullable`1 year, CancellationToken ct) in E:\Demo\source\repos\RentalBillingSystem\src\RBS.Api\Controllers\HolidayCalendarsController.cs:line 24
   at Microsoft.AspNetCore.Mvc.Infrastructure.ActionMethodExecutor.TaskOfIActionResultExecutor.Execute(ActionContext actionContext, IActionResultTypeMapper mapper, ObjectMethodExecutor executor, Object controller, Object[] arguments)
   at Microsoft.AspNetCore.Mvc.Infrastructure.ControllerActionInvoker.<InvokeActionMethodAsync>g__Awaited|12_0(ControllerActionInvoker invoker, ValueTask`1 actionResultValueTask)
   at Microsoft.AspNetCore.Mvc.Infrastructure.ControllerActionInvoker.<InvokeNextActionFilterAsync>g__Awaited|10_0(ControllerActionInvoker invoker, Task lastTask, State next, Scope scope, Object state, Boolean isCompleted)
   at Microsoft.AspNetCore.Mvc.Infrastructure.ControllerActionInvoker.Rethrow(ActionExecutedContextSealed context)
   at Microsoft.AspNetCore.Mvc.Infrastructure.ControllerActionInvoker.Next(State& next, Scope& scope, Object& state, Boolean& isCompleted)
   at Microsoft.AspNetCore.Mvc.Infrastructure.ControllerActionInvoker.<InvokeInnerFilterAsync>g__Awaited|13_0(ControllerActionInvoker invoker, Task lastTask, State next, Scope scope, Object state, Boolean isCompleted)
   at Microsoft.AspNetCore.Mvc.Infrastructure.ResourceInvoker.<InvokeFilterPipelineAsync>g__Awaited|20_0(ResourceInvoker invoker, Task lastTask, State next, Scope scope, Object state, Boolean isCompleted)
   at Microsoft.AspNetCore.Mvc.Infrastructure.ResourceInvoker.<InvokeAsync>g__Awaited|17_0(ResourceInvoker invoker, Task task, IDisposable scope)
   at Microsoft.AspNetCore.Mvc.Infrastructure.ResourceInvoker.<InvokeAsync>g__Awaited|17_0(ResourceInvoker invoker, Task task, IDisposable scope)
   at RBS.Api.Middleware.ApiLoggingMiddleware.InvokeAsync(HttpContext context) in E:\Demo\source\repos\RentalBillingSystem\src\RBS.Api\Middleware\ApiLoggingMiddleware.cs:line 51
   at RBS.Api.Middleware.ApiLoggingMiddleware.InvokeAsync(HttpContext context) in E:\Demo\source\repos\RentalBillingSystem\src\RBS.Api\Middleware\ApiLoggingMiddleware.cs:line 92
   at Microsoft.AspNetCore.Authorization.AuthorizationMiddleware.Invoke(HttpContext context)
   at Microsoft.AspNetCore.Authentication.AuthenticationMiddleware.Invoke(HttpContext context)
   at Swashbuckle.AspNetCore.SwaggerUI.SwaggerUIMiddleware.Invoke(HttpContext httpContext)
   at Swashbuckle.AspNetCore.Swagger.SwaggerMiddleware.Invoke(HttpContext httpContext, ISwaggerProvider swaggerProvider)
   at RBS.Api.Middleware.ExceptionLoggingMiddleware.InvokeAsync(HttpContext context) in E:\Demo\source\repos\RentalBillingSystem\src\RBS.Api\Middleware\ExceptionLoggingMiddleware.cs:line 26
